#
# A fatal error has been detected by the Java Runtime Environment:
#
#  Internal Error (generateOopMap.cpp:2164), pid=17844, tid=4872
#  fatal error: Illegal class file encountered. Try running with -Xverify:all in method fetchMapping
#
# JRE version: OpenJDK Runtime Environment AdoptOpenJDK (16.0+36) (build 16+36)
# Java VM: OpenJDK 64-Bit Server VM AdoptOpenJDK (16+36, mixed mode, sharing, tiered, compressed oops, g1 gc, windows-amd64)
# No core dump will be written. Minidumps are not enabled by default on client versions of Windows
#
# If you would like to submit a bug report, please visit:
#   https://github.com/AdoptOpenJDK/openjdk-support/issues
#

---------------  S U M M A R Y ------------

Command Line: -XX:+ShowCodeDetailsInExceptionMessages -agentlib:jdwp=transport=dt_socket,suspend=y,address=localhost:54422 -javaagent:C:\Users\Alexey Gasevic\eclipse\java-2020-06\eclipse\configuration\org.eclipse.osgi\1024\0\.cp\lib\javaagent-shaded.jar -Dfile.encoding=UTF-8 de.monx.aoc.App

Host: Intel(R) Core(TM) i5-7200U CPU @ 2.50GHz, 4 cores, 7G,  Windows 10 , 64 bit Build 19041 (10.0.19041.1348)
Time: Wed Dec  8 08:32:12 2021 Mitteleuropäische Zeit elapsed time: 359.938855 seconds (0d 0h 5m 59s)

---------------  T H R E A D  ---------------

Current thread (0x000002bbb661c790):  VMThread "VM Thread" [stack: 0x000000e710d00000,0x000000e710e00000] [id=4872]

Stack: [0x000000e710d00000,0x000000e710e00000]
Native frames: (J=compiled Java code, j=interpreted, Vv=VM code, C=native code)
V  [jvm.dll+0x67901a]
V  [jvm.dll+0x82af99]
V  [jvm.dll+0x82c6d3]
V  [jvm.dll+0x82cce7]
V  [jvm.dll+0x24ec23]
V  [jvm.dll+0x33dfa9]
V  [jvm.dll+0x33ad54]
V  [jvm.dll+0x339f3b]
V  [jvm.dll+0x3392e7]
V  [jvm.dll+0x667a8e]
V  [jvm.dll+0x667793]
V  [jvm.dll+0x62b8e8]
V  [jvm.dll+0x822a35]
V  [jvm.dll+0x52f546]
V  [jvm.dll+0x83112b]
V  [jvm.dll+0x831d74]
V  [jvm.dll+0x832279]
V  [jvm.dll+0x832534]
V  [jvm.dll+0x832600]
V  [jvm.dll+0x7d9f4a]
V  [jvm.dll+0x677e46]
C  [ucrtbase.dll+0x21bb2]
C  [KERNEL32.DLL+0x17034]
C  [ntdll.dll+0x52651]

VM_Operation (0x000000e7118ff450): get/set locals, mode: safepoint, requested by thread 0x000002bbb7231f40


---------------  P R O C E S S  ---------------

Threads class SMR info:
_java_thread_list=0x000002bbb73cce40, length=15, elements={
0x000002bb97d2f340, 0x000002bbb6626610, 0x000002bbb66271e0, 0x000002bbb66340c0,
0x000002bbb66359e0, 0x000002bbb66362f0, 0x000002bbb6636c00, 0x000002bbb663ea30,
0x000002bbb6647c00, 0x000002bbb666e570, 0x000002bbb71481a0, 0x000002bbb7231f40,
0x000002bbb7232c40, 0x000002bbb72cfc30, 0x000002bbb73f0c10
}

Java Threads: ( => current thread )
  0x000002bb97d2f340 JavaThread "main" [_thread_blocked, id=2336, stack(0x000000e710700000,0x000000e710800000)]
  0x000002bbb6626610 JavaThread "Reference Handler" daemon [_thread_blocked, id=17632, stack(0x000000e710e00000,0x000000e710f00000)]
  0x000002bbb66271e0 JavaThread "Finalizer" daemon [_thread_blocked, id=14764, stack(0x000000e710f00000,0x000000e711000000)]
  0x000002bbb66340c0 JavaThread "Signal Dispatcher" daemon [_thread_blocked, id=20688, stack(0x000000e711000000,0x000000e711100000)]
  0x000002bbb66359e0 JavaThread "Attach Listener" daemon [_thread_blocked, id=5776, stack(0x000000e711100000,0x000000e711200000)]
  0x000002bbb66362f0 JavaThread "Service Thread" daemon [_thread_blocked, id=18992, stack(0x000000e711200000,0x000000e711300000)]
  0x000002bbb6636c00 JavaThread "Monitor Deflation Thread" daemon [_thread_blocked, id=17024, stack(0x000000e711300000,0x000000e711400000)]
  0x000002bbb663ea30 JavaThread "C2 CompilerThread0" daemon [_thread_blocked, id=16536, stack(0x000000e711400000,0x000000e711500000)]
  0x000002bbb6647c00 JavaThread "C1 CompilerThread0" daemon [_thread_blocked, id=4868, stack(0x000000e711500000,0x000000e711600000)]
  0x000002bbb666e570 JavaThread "Sweeper thread" daemon [_thread_blocked, id=11280, stack(0x000000e711600000,0x000000e711700000)]
  0x000002bbb71481a0 JavaThread "Common-Cleaner" daemon [_thread_blocked, id=18568, stack(0x000000e711700000,0x000000e711800000)]
  0x000002bbb7231f40 JavaThread "JDWP Transport Listener: dt_socket" daemon [_thread_blocked, id=15724, stack(0x000000e711800000,0x000000e711900000)]
  0x000002bbb7232c40 JavaThread "JDWP Event Helper Thread" daemon [_thread_blocked, id=4176, stack(0x000000e711900000,0x000000e711a00000)]
  0x000002bbb72cfc30 JavaThread "JDWP Command Reader" daemon [_thread_in_native, id=8676, stack(0x000000e711a00000,0x000000e711b00000)]
  0x000002bbb73f0c10 JavaThread "Notification Thread" daemon [_thread_blocked, id=18920, stack(0x000000e711b00000,0x000000e711c00000)]

Other Threads:
=>0x000002bbb661c790 VMThread "VM Thread" [stack: 0x000000e710d00000,0x000000e710e00000] [id=4872]
  0x000002bb97d30150 WatcherThread [stack: 0x000000e711c00000,0x000000e711d00000] [id=20216]
  0x000002bb97d6eb10 GCTaskThread "GC Thread#0" [stack: 0x000000e710800000,0x000000e710900000] [id=15056]
  0x000002bb97d81310 ConcurrentGCThread "G1 Main Marker" [stack: 0x000000e710900000,0x000000e710a00000] [id=11800]
  0x000002bb97d82ca0 ConcurrentGCThread "G1 Conc#0" [stack: 0x000000e710a00000,0x000000e710b00000] [id=20228]
  0x000002bb97df8eb0 ConcurrentGCThread "G1 Refine#0" [stack: 0x000000e710b00000,0x000000e710c00000] [id=15296]
  0x000002bb97dfb750 ConcurrentGCThread "G1 Service" [stack: 0x000000e710c00000,0x000000e710d00000] [id=14520]

Threads with active compile tasks:

VM state: at safepoint (normal execution)

VM Mutex/Monitor currently owned by a thread:  ([mutex/lock_event])
[0x000002bb97d2ad50] Threads_lock - owner thread: 0x000002bbb661c790

Heap address: 0x0000000082000000, size: 2016 MB, Compressed Oops mode: 32-bit
CDS archive(s) mapped at: [0x0000000800000000-0x0000000800bf0000-0x0000000800bf0000), size 12517376, SharedBaseAddress: 0x0000000800000000, ArchiveRelocationMode: 0.
Compressed class space mapped at: 0x0000000800c00000-0x0000000840c00000, reserved size: 1073741824
Narrow klass base: 0x0000000800000000, Narrow klass shift: 3, Narrow klass range: 0x100000000

GC Precious Log:
 CPUs: 4 total, 4 available
 Memory: 8060M
 Large Page Support: Disabled
 NUMA Support: Disabled
 Compressed Oops: Enabled (32-bit)
 Heap Region Size: 1M
 Heap Min Capacity: 8M
 Heap Initial Capacity: 126M
 Heap Max Capacity: 2016M
 Pre-touch: Disabled
 Parallel Workers: 4
 Concurrent Workers: 1
 Concurrent Refinement Workers: 4
 Periodic GC: Disabled

Heap:
 garbage-first heap   total 129024K, used 5120K [0x0000000082000000, 0x0000000100000000)
  region size 1024K, 6 young (6144K), 0 survivors (0K)
 Metaspace       used 3009K, committed 3136K, reserved 1056768K
  class space    used 256K, committed 320K, reserved 1048576K

Heap Regions: E=young(eden), S=young(survivor), O=old, HS=humongous(starts), HC=humongous(continues), CS=collection set, F=free, OA=open archive, CA=closed archive, TAMS=top-at-mark-start (previous, next)
|   0|0x0000000082000000, 0x0000000082000000, 0x0000000082100000|  0%| F|  |TAMS 0x0000000082000000, 0x0000000082000000| Untracked 
|   1|0x0000000082100000, 0x0000000082100000, 0x0000000082200000|  0%| F|  |TAMS 0x0000000082100000, 0x0000000082100000| Untracked 
|   2|0x0000000082200000, 0x0000000082200000, 0x0000000082300000|  0%| F|  |TAMS 0x0000000082200000, 0x0000000082200000| Untracked 
|   3|0x0000000082300000, 0x0000000082300000, 0x0000000082400000|  0%| F|  |TAMS 0x0000000082300000, 0x0000000082300000| Untracked 
|   4|0x0000000082400000, 0x0000000082400000, 0x0000000082500000|  0%| F|  |TAMS 0x0000000082400000, 0x0000000082400000| Untracked 
|   5|0x0000000082500000, 0x0000000082500000, 0x0000000082600000|  0%| F|  |TAMS 0x0000000082500000, 0x0000000082500000| Untracked 
|   6|0x0000000082600000, 0x0000000082600000, 0x0000000082700000|  0%| F|  |TAMS 0x0000000082600000, 0x0000000082600000| Untracked 
|   7|0x0000000082700000, 0x0000000082700000, 0x0000000082800000|  0%| F|  |TAMS 0x0000000082700000, 0x0000000082700000| Untracked 
|   8|0x0000000082800000, 0x0000000082800000, 0x0000000082900000|  0%| F|  |TAMS 0x0000000082800000, 0x0000000082800000| Untracked 
|   9|0x0000000082900000, 0x0000000082900000, 0x0000000082a00000|  0%| F|  |TAMS 0x0000000082900000, 0x0000000082900000| Untracked 
|  10|0x0000000082a00000, 0x0000000082a00000, 0x0000000082b00000|  0%| F|  |TAMS 0x0000000082a00000, 0x0000000082a00000| Untracked 
|  11|0x0000000082b00000, 0x0000000082b00000, 0x0000000082c00000|  0%| F|  |TAMS 0x0000000082b00000, 0x0000000082b00000| Untracked 
|  12|0x0000000082c00000, 0x0000000082c00000, 0x0000000082d00000|  0%| F|  |TAMS 0x0000000082c00000, 0x0000000082c00000| Untracked 
|  13|0x0000000082d00000, 0x0000000082d00000, 0x0000000082e00000|  0%| F|  |TAMS 0x0000000082d00000, 0x0000000082d00000| Untracked 
|  14|0x0000000082e00000, 0x0000000082e00000, 0x0000000082f00000|  0%| F|  |TAMS 0x0000000082e00000, 0x0000000082e00000| Untracked 
|  15|0x0000000082f00000, 0x0000000082f00000, 0x0000000083000000|  0%| F|  |TAMS 0x0000000082f00000, 0x0000000082f00000| Untracked 
|  16|0x0000000083000000, 0x0000000083000000, 0x0000000083100000|  0%| F|  |TAMS 0x0000000083000000, 0x0000000083000000| Untracked 
|  17|0x0000000083100000, 0x0000000083100000, 0x0000000083200000|  0%| F|  |TAMS 0x0000000083100000, 0x0000000083100000| Untracked 
|  18|0x0000000083200000, 0x0000000083200000, 0x0000000083300000|  0%| F|  |TAMS 0x0000000083200000, 0x0000000083200000| Untracked 
|  19|0x0000000083300000, 0x0000000083300000, 0x0000000083400000|  0%| F|  |TAMS 0x0000000083300000, 0x0000000083300000| Untracked 
|  20|0x0000000083400000, 0x0000000083400000, 0x0000000083500000|  0%| F|  |TAMS 0x0000000083400000, 0x0000000083400000| Untracked 
|  21|0x0000000083500000, 0x0000000083500000, 0x0000000083600000|  0%| F|  |TAMS 0x0000000083500000, 0x0000000083500000| Untracked 
|  22|0x0000000083600000, 0x0000000083600000, 0x0000000083700000|  0%| F|  |TAMS 0x0000000083600000, 0x0000000083600000| Untracked 
|  23|0x0000000083700000, 0x0000000083700000, 0x0000000083800000|  0%| F|  |TAMS 0x0000000083700000, 0x0000000083700000| Untracked 
|  24|0x0000000083800000, 0x0000000083800000, 0x0000000083900000|  0%| F|  |TAMS 0x0000000083800000, 0x0000000083800000| Untracked 
|  25|0x0000000083900000, 0x0000000083900000, 0x0000000083a00000|  0%| F|  |TAMS 0x0000000083900000, 0x0000000083900000| Untracked 
|  26|0x0000000083a00000, 0x0000000083a00000, 0x0000000083b00000|  0%| F|  |TAMS 0x0000000083a00000, 0x0000000083a00000| Untracked 
|  27|0x0000000083b00000, 0x0000000083b00000, 0x0000000083c00000|  0%| F|  |TAMS 0x0000000083b00000, 0x0000000083b00000| Untracked 
|  28|0x0000000083c00000, 0x0000000083c00000, 0x0000000083d00000|  0%| F|  |TAMS 0x0000000083c00000, 0x0000000083c00000| Untracked 
|  29|0x0000000083d00000, 0x0000000083d00000, 0x0000000083e00000|  0%| F|  |TAMS 0x0000000083d00000, 0x0000000083d00000| Untracked 
|  30|0x0000000083e00000, 0x0000000083e00000, 0x0000000083f00000|  0%| F|  |TAMS 0x0000000083e00000, 0x0000000083e00000| Untracked 
|  31|0x0000000083f00000, 0x0000000083f00000, 0x0000000084000000|  0%| F|  |TAMS 0x0000000083f00000, 0x0000000083f00000| Untracked 
|  32|0x0000000084000000, 0x0000000084000000, 0x0000000084100000|  0%| F|  |TAMS 0x0000000084000000, 0x0000000084000000| Untracked 
|  33|0x0000000084100000, 0x0000000084100000, 0x0000000084200000|  0%| F|  |TAMS 0x0000000084100000, 0x0000000084100000| Untracked 
|  34|0x0000000084200000, 0x0000000084200000, 0x0000000084300000|  0%| F|  |TAMS 0x0000000084200000, 0x0000000084200000| Untracked 
|  35|0x0000000084300000, 0x0000000084300000, 0x0000000084400000|  0%| F|  |TAMS 0x0000000084300000, 0x0000000084300000| Untracked 
|  36|0x0000000084400000, 0x0000000084400000, 0x0000000084500000|  0%| F|  |TAMS 0x0000000084400000, 0x0000000084400000| Untracked 
|  37|0x0000000084500000, 0x0000000084500000, 0x0000000084600000|  0%| F|  |TAMS 0x0000000084500000, 0x0000000084500000| Untracked 
|  38|0x0000000084600000, 0x0000000084600000, 0x0000000084700000|  0%| F|  |TAMS 0x0000000084600000, 0x0000000084600000| Untracked 
|  39|0x0000000084700000, 0x0000000084700000, 0x0000000084800000|  0%| F|  |TAMS 0x0000000084700000, 0x0000000084700000| Untracked 
|  40|0x0000000084800000, 0x0000000084800000, 0x0000000084900000|  0%| F|  |TAMS 0x0000000084800000, 0x0000000084800000| Untracked 
|  41|0x0000000084900000, 0x0000000084900000, 0x0000000084a00000|  0%| F|  |TAMS 0x0000000084900000, 0x0000000084900000| Untracked 
|  42|0x0000000084a00000, 0x0000000084a00000, 0x0000000084b00000|  0%| F|  |TAMS 0x0000000084a00000, 0x0000000084a00000| Untracked 
|  43|0x0000000084b00000, 0x0000000084b00000, 0x0000000084c00000|  0%| F|  |TAMS 0x0000000084b00000, 0x0000000084b00000| Untracked 
|  44|0x0000000084c00000, 0x0000000084c00000, 0x0000000084d00000|  0%| F|  |TAMS 0x0000000084c00000, 0x0000000084c00000| Untracked 
|  45|0x0000000084d00000, 0x0000000084d00000, 0x0000000084e00000|  0%| F|  |TAMS 0x0000000084d00000, 0x0000000084d00000| Untracked 
|  46|0x0000000084e00000, 0x0000000084e00000, 0x0000000084f00000|  0%| F|  |TAMS 0x0000000084e00000, 0x0000000084e00000| Untracked 
|  47|0x0000000084f00000, 0x0000000084f00000, 0x0000000085000000|  0%| F|  |TAMS 0x0000000084f00000, 0x0000000084f00000| Untracked 
|  48|0x0000000085000000, 0x0000000085000000, 0x0000000085100000|  0%| F|  |TAMS 0x0000000085000000, 0x0000000085000000| Untracked 
|  49|0x0000000085100000, 0x0000000085100000, 0x0000000085200000|  0%| F|  |TAMS 0x0000000085100000, 0x0000000085100000| Untracked 
|  50|0x0000000085200000, 0x0000000085200000, 0x0000000085300000|  0%| F|  |TAMS 0x0000000085200000, 0x0000000085200000| Untracked 
|  51|0x0000000085300000, 0x0000000085300000, 0x0000000085400000|  0%| F|  |TAMS 0x0000000085300000, 0x0000000085300000| Untracked 
|  52|0x0000000085400000, 0x0000000085400000, 0x0000000085500000|  0%| F|  |TAMS 0x0000000085400000, 0x0000000085400000| Untracked 
|  53|0x0000000085500000, 0x0000000085500000, 0x0000000085600000|  0%| F|  |TAMS 0x0000000085500000, 0x0000000085500000| Untracked 
|  54|0x0000000085600000, 0x0000000085600000, 0x0000000085700000|  0%| F|  |TAMS 0x0000000085600000, 0x0000000085600000| Untracked 
|  55|0x0000000085700000, 0x0000000085700000, 0x0000000085800000|  0%| F|  |TAMS 0x0000000085700000, 0x0000000085700000| Untracked 
|  56|0x0000000085800000, 0x0000000085800000, 0x0000000085900000|  0%| F|  |TAMS 0x0000000085800000, 0x0000000085800000| Untracked 
|  57|0x0000000085900000, 0x0000000085900000, 0x0000000085a00000|  0%| F|  |TAMS 0x0000000085900000, 0x0000000085900000| Untracked 
|  58|0x0000000085a00000, 0x0000000085a00000, 0x0000000085b00000|  0%| F|  |TAMS 0x0000000085a00000, 0x0000000085a00000| Untracked 
|  59|0x0000000085b00000, 0x0000000085b00000, 0x0000000085c00000|  0%| F|  |TAMS 0x0000000085b00000, 0x0000000085b00000| Untracked 
|  60|0x0000000085c00000, 0x0000000085c00000, 0x0000000085d00000|  0%| F|  |TAMS 0x0000000085c00000, 0x0000000085c00000| Untracked 
|  61|0x0000000085d00000, 0x0000000085d00000, 0x0000000085e00000|  0%| F|  |TAMS 0x0000000085d00000, 0x0000000085d00000| Untracked 
|  62|0x0000000085e00000, 0x0000000085e00000, 0x0000000085f00000|  0%| F|  |TAMS 0x0000000085e00000, 0x0000000085e00000| Untracked 
|  63|0x0000000085f00000, 0x0000000085f00000, 0x0000000086000000|  0%| F|  |TAMS 0x0000000085f00000, 0x0000000085f00000| Untracked 
|  64|0x0000000086000000, 0x0000000086000000, 0x0000000086100000|  0%| F|  |TAMS 0x0000000086000000, 0x0000000086000000| Untracked 
|  65|0x0000000086100000, 0x0000000086100000, 0x0000000086200000|  0%| F|  |TAMS 0x0000000086100000, 0x0000000086100000| Untracked 
|  66|0x0000000086200000, 0x0000000086200000, 0x0000000086300000|  0%| F|  |TAMS 0x0000000086200000, 0x0000000086200000| Untracked 
|  67|0x0000000086300000, 0x0000000086300000, 0x0000000086400000|  0%| F|  |TAMS 0x0000000086300000, 0x0000000086300000| Untracked 
|  68|0x0000000086400000, 0x0000000086400000, 0x0000000086500000|  0%| F|  |TAMS 0x0000000086400000, 0x0000000086400000| Untracked 
|  69|0x0000000086500000, 0x0000000086500000, 0x0000000086600000|  0%| F|  |TAMS 0x0000000086500000, 0x0000000086500000| Untracked 
|  70|0x0000000086600000, 0x0000000086600000, 0x0000000086700000|  0%| F|  |TAMS 0x0000000086600000, 0x0000000086600000| Untracked 
|  71|0x0000000086700000, 0x0000000086700000, 0x0000000086800000|  0%| F|  |TAMS 0x0000000086700000, 0x0000000086700000| Untracked 
|  72|0x0000000086800000, 0x0000000086800000, 0x0000000086900000|  0%| F|  |TAMS 0x0000000086800000, 0x0000000086800000| Untracked 
|  73|0x0000000086900000, 0x0000000086900000, 0x0000000086a00000|  0%| F|  |TAMS 0x0000000086900000, 0x0000000086900000| Untracked 
|  74|0x0000000086a00000, 0x0000000086a00000, 0x0000000086b00000|  0%| F|  |TAMS 0x0000000086a00000, 0x0000000086a00000| Untracked 
|  75|0x0000000086b00000, 0x0000000086b00000, 0x0000000086c00000|  0%| F|  |TAMS 0x0000000086b00000, 0x0000000086b00000| Untracked 
|  76|0x0000000086c00000, 0x0000000086c00000, 0x0000000086d00000|  0%| F|  |TAMS 0x0000000086c00000, 0x0000000086c00000| Untracked 
|  77|0x0000000086d00000, 0x0000000086d00000, 0x0000000086e00000|  0%| F|  |TAMS 0x0000000086d00000, 0x0000000086d00000| Untracked 
|  78|0x0000000086e00000, 0x0000000086e00000, 0x0000000086f00000|  0%| F|  |TAMS 0x0000000086e00000, 0x0000000086e00000| Untracked 
|  79|0x0000000086f00000, 0x0000000086f00000, 0x0000000087000000|  0%| F|  |TAMS 0x0000000086f00000, 0x0000000086f00000| Untracked 
|  80|0x0000000087000000, 0x0000000087000000, 0x0000000087100000|  0%| F|  |TAMS 0x0000000087000000, 0x0000000087000000| Untracked 
|  81|0x0000000087100000, 0x0000000087100000, 0x0000000087200000|  0%| F|  |TAMS 0x0000000087100000, 0x0000000087100000| Untracked 
|  82|0x0000000087200000, 0x0000000087200000, 0x0000000087300000|  0%| F|  |TAMS 0x0000000087200000, 0x0000000087200000| Untracked 
|  83|0x0000000087300000, 0x0000000087300000, 0x0000000087400000|  0%| F|  |TAMS 0x0000000087300000, 0x0000000087300000| Untracked 
|  84|0x0000000087400000, 0x0000000087400000, 0x0000000087500000|  0%| F|  |TAMS 0x0000000087400000, 0x0000000087400000| Untracked 
|  85|0x0000000087500000, 0x0000000087500000, 0x0000000087600000|  0%| F|  |TAMS 0x0000000087500000, 0x0000000087500000| Untracked 
|  86|0x0000000087600000, 0x0000000087600000, 0x0000000087700000|  0%| F|  |TAMS 0x0000000087600000, 0x0000000087600000| Untracked 
|  87|0x0000000087700000, 0x0000000087700000, 0x0000000087800000|  0%| F|  |TAMS 0x0000000087700000, 0x0000000087700000| Untracked 
|  88|0x0000000087800000, 0x0000000087800000, 0x0000000087900000|  0%| F|  |TAMS 0x0000000087800000, 0x0000000087800000| Untracked 
|  89|0x0000000087900000, 0x0000000087900000, 0x0000000087a00000|  0%| F|  |TAMS 0x0000000087900000, 0x0000000087900000| Untracked 
|  90|0x0000000087a00000, 0x0000000087a00000, 0x0000000087b00000|  0%| F|  |TAMS 0x0000000087a00000, 0x0000000087a00000| Untracked 
|  91|0x0000000087b00000, 0x0000000087b00000, 0x0000000087c00000|  0%| F|  |TAMS 0x0000000087b00000, 0x0000000087b00000| Untracked 
|  92|0x0000000087c00000, 0x0000000087c00000, 0x0000000087d00000|  0%| F|  |TAMS 0x0000000087c00000, 0x0000000087c00000| Untracked 
|  93|0x0000000087d00000, 0x0000000087d00000, 0x0000000087e00000|  0%| F|  |TAMS 0x0000000087d00000, 0x0000000087d00000| Untracked 
|  94|0x0000000087e00000, 0x0000000087e00000, 0x0000000087f00000|  0%| F|  |TAMS 0x0000000087e00000, 0x0000000087e00000| Untracked 
|  95|0x0000000087f00000, 0x0000000087f00000, 0x0000000088000000|  0%| F|  |TAMS 0x0000000087f00000, 0x0000000087f00000| Untracked 
|  96|0x0000000088000000, 0x0000000088000000, 0x0000000088100000|  0%| F|  |TAMS 0x0000000088000000, 0x0000000088000000| Untracked 
|  97|0x0000000088100000, 0x0000000088100000, 0x0000000088200000|  0%| F|  |TAMS 0x0000000088100000, 0x0000000088100000| Untracked 
|  98|0x0000000088200000, 0x0000000088200000, 0x0000000088300000|  0%| F|  |TAMS 0x0000000088200000, 0x0000000088200000| Untracked 
|  99|0x0000000088300000, 0x0000000088300000, 0x0000000088400000|  0%| F|  |TAMS 0x0000000088300000, 0x0000000088300000| Untracked 
| 100|0x0000000088400000, 0x0000000088400000, 0x0000000088500000|  0%| F|  |TAMS 0x0000000088400000, 0x0000000088400000| Untracked 
| 101|0x0000000088500000, 0x0000000088500000, 0x0000000088600000|  0%| F|  |TAMS 0x0000000088500000, 0x0000000088500000| Untracked 
| 102|0x0000000088600000, 0x0000000088600000, 0x0000000088700000|  0%| F|  |TAMS 0x0000000088600000, 0x0000000088600000| Untracked 
| 103|0x0000000088700000, 0x0000000088700000, 0x0000000088800000|  0%| F|  |TAMS 0x0000000088700000, 0x0000000088700000| Untracked 
| 104|0x0000000088800000, 0x0000000088800000, 0x0000000088900000|  0%| F|  |TAMS 0x0000000088800000, 0x0000000088800000| Untracked 
| 105|0x0000000088900000, 0x0000000088900000, 0x0000000088a00000|  0%| F|  |TAMS 0x0000000088900000, 0x0000000088900000| Untracked 
| 106|0x0000000088a00000, 0x0000000088a00000, 0x0000000088b00000|  0%| F|  |TAMS 0x0000000088a00000, 0x0000000088a00000| Untracked 
| 107|0x0000000088b00000, 0x0000000088b00000, 0x0000000088c00000|  0%| F|  |TAMS 0x0000000088b00000, 0x0000000088b00000| Untracked 
| 108|0x0000000088c00000, 0x0000000088c00000, 0x0000000088d00000|  0%| F|  |TAMS 0x0000000088c00000, 0x0000000088c00000| Untracked 
| 109|0x0000000088d00000, 0x0000000088d00000, 0x0000000088e00000|  0%| F|  |TAMS 0x0000000088d00000, 0x0000000088d00000| Untracked 
| 110|0x0000000088e00000, 0x0000000088e00000, 0x0000000088f00000|  0%| F|  |TAMS 0x0000000088e00000, 0x0000000088e00000| Untracked 
| 111|0x0000000088f00000, 0x0000000088f00000, 0x0000000089000000|  0%| F|  |TAMS 0x0000000088f00000, 0x0000000088f00000| Untracked 
| 112|0x0000000089000000, 0x0000000089000000, 0x0000000089100000|  0%| F|  |TAMS 0x0000000089000000, 0x0000000089000000| Untracked 
| 113|0x0000000089100000, 0x0000000089100000, 0x0000000089200000|  0%| F|  |TAMS 0x0000000089100000, 0x0000000089100000| Untracked 
| 114|0x0000000089200000, 0x0000000089200000, 0x0000000089300000|  0%| F|  |TAMS 0x0000000089200000, 0x0000000089200000| Untracked 
| 115|0x0000000089300000, 0x0000000089300000, 0x0000000089400000|  0%| F|  |TAMS 0x0000000089300000, 0x0000000089300000| Untracked 
| 116|0x0000000089400000, 0x0000000089400000, 0x0000000089500000|  0%| F|  |TAMS 0x0000000089400000, 0x0000000089400000| Untracked 
| 117|0x0000000089500000, 0x0000000089500000, 0x0000000089600000|  0%| F|  |TAMS 0x0000000089500000, 0x0000000089500000| Untracked 
| 118|0x0000000089600000, 0x0000000089600000, 0x0000000089700000|  0%| F|  |TAMS 0x0000000089600000, 0x0000000089600000| Untracked 
| 119|0x0000000089700000, 0x0000000089700000, 0x0000000089800000|  0%| F|  |TAMS 0x0000000089700000, 0x0000000089700000| Untracked 
| 120|0x0000000089800000, 0x0000000089888ac8, 0x0000000089900000| 53%| E|  |TAMS 0x0000000089800000, 0x0000000089800000| Complete 
| 121|0x0000000089900000, 0x0000000089a00000, 0x0000000089a00000|100%| E|CS|TAMS 0x0000000089900000, 0x0000000089900000| Complete 
| 122|0x0000000089a00000, 0x0000000089b00000, 0x0000000089b00000|100%| E|CS|TAMS 0x0000000089a00000, 0x0000000089a00000| Complete 
| 123|0x0000000089b00000, 0x0000000089c00000, 0x0000000089c00000|100%| E|CS|TAMS 0x0000000089b00000, 0x0000000089b00000| Complete 
| 124|0x0000000089c00000, 0x0000000089d00000, 0x0000000089d00000|100%| E|CS|TAMS 0x0000000089c00000, 0x0000000089c00000| Complete 
| 125|0x0000000089d00000, 0x0000000089e00000, 0x0000000089e00000|100%| E|CS|TAMS 0x0000000089d00000, 0x0000000089d00000| Complete 

Card table byte_map: [0x000002bbafad0000,0x000002bbafec0000] _byte_map_base: 0x000002bbaf6c0000

Marking Bits (Prev, Next): (CMBitMap*) 0x000002bb97d70520, (CMBitMap*) 0x000002bb97d70560
 Prev Bits: [0x000002bbb02b0000, 0x000002bbb2230000)
 Next Bits: [0x000002bbb2230000, 0x000002bbb41b0000)

Polling page: 0x000002bb97510000

Metaspace:

Usage:
  Non-class:      2.69 MB used.
      Class:    256.24 KB used.
       Both:      2.94 MB used.

Virtual space:
  Non-class space:        8.00 MB reserved,       2.75 MB ( 34%) committed,  1 nodes.
      Class space:        1.00 GB reserved,     320.00 KB ( <1%) committed,  1 nodes.
              Both:        1.01 GB reserved,       3.06 MB ( <1%) committed. 

Chunk freelists:
   Non-Class:  3.67 MB
       Class:  3.72 MB
        Both:  7.39 MB

MaxMetaspaceSize: 17179869184.00 GB
CompressedClassSpaceSize: 1.00 GB
 - commit_granule_bytes: 65536.
 - commit_granule_words: 8192.
 - virtual_space_node_default_size: 1048576.
 - enlarge_chunks_in_place: 1.
 - new_chunks_are_fully_committed: 0.
 - uncommit_free_chunks: 1.
 - use_allocation_guard: 0.
 - handle_deallocations: 1.


Internal statistics:

num_allocs_failed_limit: 0.
num_arena_births: 10.
num_arena_deaths: 0.
num_vsnodes_births: 2.
num_vsnodes_deaths: 0.
num_space_committed: 49.
num_space_uncommitted: 0.
num_chunks_returned_to_freelist: 0.
num_chunks_taken_from_freelist: 36.
num_chunk_merges: 0.
num_chunk_splits: 17.
num_chunks_enlarged: 11.
num_purges: 0.

CodeHeap 'non-profiled nmethods': size=120000Kb used=138Kb max_used=138Kb free=119861Kb
 bounds [0x000002bba81b0000, 0x000002bba8420000, 0x000002bbaf6e0000]
CodeHeap 'profiled nmethods': size=120000Kb used=622Kb max_used=622Kb free=119378Kb
 bounds [0x000002bba0c80000, 0x000002bba0ef0000, 0x000002bba81b0000]
CodeHeap 'non-nmethods': size=5760Kb used=1215Kb max_used=1229Kb free=4544Kb
 bounds [0x000002bba06e0000, 0x000002bba0950000, 0x000002bba0c80000]
 total_blobs=879 nmethods=454 adapters=338
 compilation: enabled
              stopped_count=0, restarted_count=0
 full_count=0

Compilation events (20 events):
Event: 108.296 Thread 0x000002bbb6647c00 nmethod 445 0x000002bba0d18390 code [0x000002bba0d18580, 0x000002bba0d18928]
Event: 108.297 Thread 0x000002bbb6647c00  446       3       org.eclipse.jdt.launching.internal.org.objectweb.asm.ClassReader::readStringish (16 bytes)
Event: 108.297 Thread 0x000002bbb6647c00 nmethod 446 0x000002bba0d18b10 code [0x000002bba0d18ce0, 0x000002bba0d18fe8]
Event: 108.297 Thread 0x000002bbb6647c00  447       3       org.eclipse.jdt.launching.internal.org.objectweb.asm.SymbolTable$Entry::<init> (20 bytes)
Event: 108.297 Thread 0x000002bbb663ea30 nmethod 444 0x000002bba81d2010 code [0x000002bba81d21a0, 0x000002bba81d2278]
Event: 108.300 Thread 0x000002bbb6647c00 nmethod 447 0x000002bba0d19190 code [0x000002bba0d19340, 0x000002bba0d194e8]
Event: 123.345 Thread 0x000002bbb6647c00  448       3       org.eclipse.jdt.launching.internal.org.objectweb.asm.SymbolTable::addConstantMemberReference (29 bytes)
Event: 123.345 Thread 0x000002bbb6647c00 nmethod 448 0x000002bba0d19610 code [0x000002bba0d19800, 0x000002bba0d19bc8]
Event: 123.346 Thread 0x000002bbb6647c00  449       1       org.eclipse.jdt.launching.internal.org.objectweb.asm.SymbolTable::getMajorVersion (5 bytes)
Event: 123.346 Thread 0x000002bbb6647c00 nmethod 449 0x000002bba81d2390 code [0x000002bba81d2520, 0x000002bba81d25f8]
Event: 123.346 Thread 0x000002bbb6647c00  450       1       org.eclipse.jdt.launching.internal.org.objectweb.asm.SymbolTable::getSource (5 bytes)
Event: 123.346 Thread 0x000002bbb6647c00 nmethod 450 0x000002bba81d2690 code [0x000002bba81d2820, 0x000002bba81d28f8]
Event: 359.827 Thread 0x000002bbb6647c00  451       3       org.eclipse.jdt.launching.internal.org.objectweb.asm.SymbolTable::get (13 bytes)
Event: 359.827 Thread 0x000002bbb6647c00 nmethod 451 0x000002bba0d19e90 code [0x000002bba0d1a020, 0x000002bba0d1a178]
Event: 359.827 Thread 0x000002bbb6647c00  453       3       org.eclipse.jdt.launching.internal.org.objectweb.asm.SymbolTable::addConstantUtf8 (98 bytes)
Event: 359.828 Thread 0x000002bbb6647c00 nmethod 453 0x000002bba0d1a290 code [0x000002bba0d1a4c0, 0x000002bba0d1aad8]
Event: 359.828 Thread 0x000002bbb6647c00  454       3       org.eclipse.jdt.launching.internal.org.objectweb.asm.ByteVector::putShort (52 bytes)
Event: 359.832 Thread 0x000002bbb6647c00 nmethod 454 0x000002bba0d1ae10 code [0x000002bba0d1afc0, 0x000002bba0d1b1c8]
Event: 359.832 Thread 0x000002bbb6647c00  452       3       org.eclipse.jdt.launching.internal.org.objectweb.asm.ClassReader::readInt (52 bytes)
Event: 359.832 Thread 0x000002bbb6647c00 nmethod 452 0x000002bba0d1b310 code [0x000002bba0d1b4c0, 0x000002bba0d1b698]

GC Heap History (0 events):
No events

Deoptimization events (20 events):
Event: 0.529 Thread 0x000002bb97d2f340 Uncommon trap: trap_request=0xffffff45 fr.pc=0x000002bba81bfb88 relative=0x00000000000000e8
Event: 0.529 Thread 0x000002bb97d2f340 Uncommon trap: reason=unstable_if action=reinterpret pc=0x000002bba81bfb88 method=java.lang.String.charAt(I)C @ 4 c2
Event: 0.529 Thread 0x000002bb97d2f340 DEOPT PACKING pc=0x000002bba81bfb88 sp=0x000000e7107ff070
Event: 0.529 Thread 0x000002bb97d2f340 DEOPT UNPACKING pc=0x000002bba072d72e sp=0x000000e7107ff020 mode 2
Event: 0.536 Thread 0x000002bb97d2f340 DEOPT PACKING pc=0x000002bba0cf9ddb sp=0x000000e7107fbd30
Event: 0.536 Thread 0x000002bb97d2f340 DEOPT UNPACKING pc=0x000002bba072dece sp=0x000000e7107fb198 mode 0
Event: 0.536 Thread 0x000002bb97d2f340 DEOPT PACKING pc=0x000002bba0cf9ddb sp=0x000000e7107fbd30
Event: 0.536 Thread 0x000002bb97d2f340 DEOPT UNPACKING pc=0x000002bba072dece sp=0x000000e7107fb198 mode 0
Event: 0.537 Thread 0x000002bb97d2f340 DEOPT PACKING pc=0x000002bba0cf9ddb sp=0x000000e7107fbd30
Event: 0.537 Thread 0x000002bb97d2f340 DEOPT UNPACKING pc=0x000002bba072dece sp=0x000000e7107fb198 mode 0
Event: 0.537 Thread 0x000002bb97d2f340 DEOPT PACKING pc=0x000002bba0cf9ddb sp=0x000000e7107fbd30
Event: 0.537 Thread 0x000002bb97d2f340 DEOPT UNPACKING pc=0x000002bba072dece sp=0x000000e7107fb198 mode 0
Event: 0.537 Thread 0x000002bb97d2f340 DEOPT PACKING pc=0x000002bba0cf9ddb sp=0x000000e7107fbd30
Event: 0.537 Thread 0x000002bb97d2f340 DEOPT UNPACKING pc=0x000002bba072dece sp=0x000000e7107fb198 mode 0
Event: 0.555 Thread 0x000002bb97d2f340 DEOPT PACKING pc=0x000002bba0cf9ddb sp=0x000000e7107f8280
Event: 0.555 Thread 0x000002bb97d2f340 DEOPT UNPACKING pc=0x000002bba072dece sp=0x000000e7107f76e8 mode 0
Event: 0.569 Thread 0x000002bb97d2f340 DEOPT PACKING pc=0x000002bba0cf9ddb sp=0x000000e7107f8280
Event: 0.569 Thread 0x000002bb97d2f340 DEOPT UNPACKING pc=0x000002bba072dece sp=0x000000e7107f76e8 mode 0
Event: 0.570 Thread 0x000002bb97d2f340 DEOPT PACKING pc=0x000002bba0cf9ddb sp=0x000000e7107f8280
Event: 0.570 Thread 0x000002bb97d2f340 DEOPT UNPACKING pc=0x000002bba072dece sp=0x000000e7107f76e8 mode 0

Classes unloaded (0 events):
No events

Classes redefined (5 events):
Event: 57.181 Thread 0x000002bbb661c790 redefined class name=de.monx.aoc.year21.Y21D08, count=1
Event: 102.736 Thread 0x000002bbb661c790 redefined class name=de.monx.aoc.year21.Y21D08, count=2
Event: 108.298 Thread 0x000002bbb661c790 redefined class name=de.monx.aoc.year21.Y21D08, count=3
Event: 123.351 Thread 0x000002bbb661c790 redefined class name=de.monx.aoc.year21.Y21D08, count=4
Event: 359.829 Thread 0x000002bbb661c790 redefined class name=de.monx.aoc.year21.Y21D08, count=5

Internal exceptions (1 events):
Event: 0.517 Thread 0x000002bb97d2f340 Exception <a 'java/lang/NoSuchMethodError'{0x0000000089adc4e0}: 'java.lang.Object java.lang.invoke.DirectMethodHandle$Holder.invokeStatic(java.lang.Object)'> (0x0000000089adc4e0) 
thrown [j:\jenkins\tmp\workspace\build\src\src\hotspot\share\interpreter\linkResolver.cpp, line 790]

Events (20 events):
Event: 140.228 Executing  VM operation: get/set locals done
Event: 345.394 Executing  VM operation: ChangeBreakpoints
Event: 345.394 Executing  VM operation: ChangeBreakpoints done
Event: 359.823 Executing  VM operation: ChangeSingleStep
Event: 359.823 Executing  VM operation: ChangeSingleStep done
Event: 359.823 Executing  VM operation: ChangeSingleStep
Event: 359.823 Executing  VM operation: ChangeSingleStep done
Event: 359.828 Executing  VM operation: RedefineClasses
Event: 359.831 Executing  VM operation: RedefineClasses done
Event: 359.840 Executing  VM operation: ChangeBreakpoints
Event: 359.840 Executing  VM operation: ChangeBreakpoints done
Event: 359.862 Executing  VM operation: ChangeBreakpoints
Event: 359.862 Executing  VM operation: ChangeBreakpoints done
Event: 359.864 Executing  VM operation: ChangeSingleStep
Event: 359.864 Executing  VM operation: ChangeSingleStep done
Event: 359.864 Executing  VM operation: get/set locals
Event: 359.864 Executing  VM operation: get/set locals done
Event: 359.866 Executing  VM operation: ChangeSingleStep
Event: 359.866 Executing  VM operation: ChangeSingleStep done
Event: 359.935 Executing  VM operation: get/set locals


Dynamic libraries:
0x00007ff6acc50000 - 0x00007ff6acc5e000 	C:\Program Files\AdoptOpenJDK\jdk-16.0.0.36-hotspot\bin\javaw.exe
0x00007fffebbd0000 - 0x00007fffebdc5000 	C:\WINDOWS\SYSTEM32\ntdll.dll
0x00007fffeb890000 - 0x00007fffeb94e000 	C:\WINDOWS\System32\KERNEL32.DLL
0x00007fffe92f0000 - 0x00007fffe95b8000 	C:\WINDOWS\System32\KERNELBASE.dll
0x00007fffe97f0000 - 0x00007fffe98f0000 	C:\WINDOWS\System32\ucrtbase.dll
0x00007fffe6930000 - 0x00007fffe6948000 	C:\Program Files\AdoptOpenJDK\jdk-16.0.0.36-hotspot\bin\jli.dll
0x00007fffeb010000 - 0x00007fffeb1b1000 	C:\WINDOWS\System32\USER32.dll
0x00007fffe6680000 - 0x00007fffe6699000 	C:\Program Files\AdoptOpenJDK\jdk-16.0.0.36-hotspot\bin\VCRUNTIME140.dll
0x00007fffe95c0000 - 0x00007fffe95e2000 	C:\WINDOWS\System32\win32u.dll
0x00007fffea9f0000 - 0x00007fffeaa1b000 	C:\WINDOWS\System32\GDI32.dll
0x00007fffe95f0000 - 0x00007fffe96fb000 	C:\WINDOWS\System32\gdi32full.dll
0x00007fffe9750000 - 0x00007fffe97ed000 	C:\WINDOWS\System32\msvcp_win.dll
0x00007fffc13d0000 - 0x00007fffc166a000 	C:\WINDOWS\WinSxS\amd64_microsoft.windows.common-controls_6595b64144ccf1df_6.0.19041.1110_none_60b5254171f9507e\COMCTL32.dll
0x00007fffeb580000 - 0x00007fffeb61e000 	C:\WINDOWS\System32\msvcrt.dll
0x00007fffeb950000 - 0x00007fffeb980000 	C:\WINDOWS\System32\IMM32.DLL
0x00007fffe6840000 - 0x00007fffe684c000 	C:\Program Files\AdoptOpenJDK\jdk-16.0.0.36-hotspot\bin\vcruntime140_1.dll
0x00007fffcdd10000 - 0x00007fffcdda1000 	C:\Program Files\AdoptOpenJDK\jdk-16.0.0.36-hotspot\bin\msvcp140.dll
0x00007fff83950000 - 0x00007fff84587000 	C:\Program Files\AdoptOpenJDK\jdk-16.0.0.36-hotspot\bin\server\jvm.dll
0x00007fffeb6b0000 - 0x00007fffeb75c000 	C:\WINDOWS\System32\ADVAPI32.dll
0x00007fffeaf70000 - 0x00007fffeb00b000 	C:\WINDOWS\System32\sechost.dll
0x00007fffeb760000 - 0x00007fffeb88a000 	C:\WINDOWS\System32\RPCRT4.dll
0x00007fffe9d90000 - 0x00007fffe9d98000 	C:\WINDOWS\System32\PSAPI.DLL
0x00007fffe7f00000 - 0x00007fffe7f09000 	C:\WINDOWS\SYSTEM32\WSOCK32.dll
0x00007fffeaf00000 - 0x00007fffeaf6b000 	C:\WINDOWS\System32\WS2_32.dll
0x00007fffcfc30000 - 0x00007fffcfc57000 	C:\WINDOWS\SYSTEM32\WINMM.dll
0x00007fffe1520000 - 0x00007fffe152a000 	C:\WINDOWS\SYSTEM32\VERSION.dll
0x00007fffe79f0000 - 0x00007fffe7a02000 	C:\WINDOWS\SYSTEM32\kernel.appcore.dll
0x00007fffe67e0000 - 0x00007fffe67ea000 	C:\Program Files\AdoptOpenJDK\jdk-16.0.0.36-hotspot\bin\jimage.dll
0x00007fffe5ce0000 - 0x00007fffe5ec4000 	C:\WINDOWS\SYSTEM32\DBGHELP.DLL
0x00007fffe5cb0000 - 0x00007fffe5cdc000 	C:\WINDOWS\SYSTEM32\dbgcore.DLL
0x00007fffe9a30000 - 0x00007fffe9ab3000 	C:\WINDOWS\System32\bcryptPrimitives.dll
0x00007fffe6640000 - 0x00007fffe667b000 	C:\Program Files\AdoptOpenJDK\jdk-16.0.0.36-hotspot\bin\jdwp.dll
0x00007fffe6740000 - 0x00007fffe674e000 	C:\Program Files\AdoptOpenJDK\jdk-16.0.0.36-hotspot\bin\instrument.dll
0x00007fffe6240000 - 0x00007fffe6265000 	C:\Program Files\AdoptOpenJDK\jdk-16.0.0.36-hotspot\bin\java.dll
0x00007fffea2b0000 - 0x00007fffea9ef000 	C:\WINDOWS\System32\SHELL32.dll
0x00007fffe6fd0000 - 0x00007fffe7760000 	C:\WINDOWS\SYSTEM32\windows.storage.dll
0x00007fffe9f50000 - 0x00007fffea2a5000 	C:\WINDOWS\System32\combase.dll
0x00007fffe8d40000 - 0x00007fffe8d6e000 	C:\WINDOWS\SYSTEM32\Wldp.dll
0x00007fffeb980000 - 0x00007fffeba2d000 	C:\WINDOWS\System32\SHCORE.dll
0x00007fffeaea0000 - 0x00007fffeaef5000 	C:\WINDOWS\System32\shlwapi.dll
0x00007fffe9230000 - 0x00007fffe924f000 	C:\WINDOWS\SYSTEM32\profapi.dll
0x00007fffe6630000 - 0x00007fffe663c000 	C:\Program Files\AdoptOpenJDK\jdk-16.0.0.36-hotspot\bin\dt_socket.dll
0x00007fffe8720000 - 0x00007fffe875b000 	C:\WINDOWS\SYSTEM32\IPHLPAPI.DLL
0x00007fffe8aa0000 - 0x00007fffe8b0a000 	C:\WINDOWS\system32\mswsock.dll
0x00007fffe8760000 - 0x00007fffe882b000 	C:\WINDOWS\SYSTEM32\DNSAPI.dll
0x00007fffeb680000 - 0x00007fffeb688000 	C:\WINDOWS\System32\NSI.dll
0x00007fffd5220000 - 0x00007fffd522a000 	C:\Windows\System32\rasadhlp.dll
0x00007fffdd460000 - 0x00007fffdd4df000 	C:\WINDOWS\System32\fwpuclnt.dll
0x00007fffe98f0000 - 0x00007fffe9917000 	C:\WINDOWS\System32\bcrypt.dll
0x00007fffe6220000 - 0x00007fffe6238000 	C:\Program Files\AdoptOpenJDK\jdk-16.0.0.36-hotspot\bin\zip.dll
0x00007fffe61b0000 - 0x00007fffe61c9000 	C:\Program Files\AdoptOpenJDK\jdk-16.0.0.36-hotspot\bin\net.dll
0x00007fffd8b80000 - 0x00007fffd8c8c000 	C:\WINDOWS\SYSTEM32\WINHTTP.dll
0x00007fffe5bf0000 - 0x00007fffe5c03000 	C:\Program Files\AdoptOpenJDK\jdk-16.0.0.36-hotspot\bin\nio.dll
0x00007fffe6620000 - 0x00007fffe6630000 	C:\Program Files\AdoptOpenJDK\jdk-16.0.0.36-hotspot\bin\verify.dll

dbghelp: loaded successfully - version: 4.0.5 - missing functions: none
symbol engine: initialized successfully - sym options: 0x614 - pdb path: .;C:\Program Files\AdoptOpenJDK\jdk-16.0.0.36-hotspot\bin;C:\WINDOWS\SYSTEM32;C:\WINDOWS\WinSxS\amd64_microsoft.windows.common-controls_6595b64144ccf1df_6.0.19041.1110_none_60b5254171f9507e;C:\Program Files\AdoptOpenJDK\jdk-16.0.0.36-hotspot\bin\server

VM Arguments:
jvm_args: -XX:+ShowCodeDetailsInExceptionMessages -agentlib:jdwp=transport=dt_socket,suspend=y,address=localhost:54422 -javaagent:C:\Users\Alexey Gasevic\eclipse\java-2020-06\eclipse\configuration\org.eclipse.osgi\1024\0\.cp\lib\javaagent-shaded.jar -Dfile.encoding=UTF-8 
java_command: de.monx.aoc.App
java_class_path (initial): C:\Users\Alexey Gasevic\eclipse-workspace\aoc\target\classes;C:\Users\Alexey Gasevic\.m2\repository\org\projectlombok\lombok\1.18.10\lombok-1.18.10.jar;C:\Users\Alexey Gasevic\.m2\repository\com\baulsupp\kolja\jcurses\0.9.5.3\jcurses-0.9.5.3.jar;C:\Users\Alexey Gasevic\.m2\repository\org\slf4j\slf4j-api\1.4.3\slf4j-api-1.4.3.jar;C:\Users\Alexey Gasevic\.m2\repository\com\google\code\gson\gson\2.8.5\gson-2.8.5.jar
Launcher Type: SUN_STANDARD

[Global flags]
     intx CICompilerCount                          = 3                                         {product} {ergonomic}
     uint ConcGCThreads                            = 1                                         {product} {ergonomic}
     uint G1ConcRefinementThreads                  = 4                                         {product} {ergonomic}
   size_t G1HeapRegionSize                         = 1048576                                   {product} {ergonomic}
    uintx GCDrainStackTargetSize                   = 64                                        {product} {ergonomic}
   size_t InitialHeapSize                          = 132120576                                 {product} {ergonomic}
   size_t MarkStackSize                            = 4194304                                   {product} {ergonomic}
   size_t MaxHeapSize                              = 2113929216                                {product} {ergonomic}
   size_t MaxNewSize                               = 1267728384                                {product} {ergonomic}
   size_t MinHeapDeltaBytes                        = 1048576                                   {product} {ergonomic}
   size_t MinHeapSize                              = 8388608                                   {product} {ergonomic}
    uintx NonNMethodCodeHeapSize                   = 5832780                                {pd product} {ergonomic}
    uintx NonProfiledCodeHeapSize                  = 122912730                              {pd product} {ergonomic}
    uintx ProfiledCodeHeapSize                     = 122912730                              {pd product} {ergonomic}
    uintx ReservedCodeCacheSize                    = 251658240                              {pd product} {ergonomic}
     bool SegmentedCodeCache                       = true                                      {product} {ergonomic}
     bool ShowCodeDetailsInExceptionMessages       = true                                   {manageable} {command line}
   size_t SoftMaxHeapSize                          = 2113929216                             {manageable} {ergonomic}
     bool UseCompressedClassPointers               = true                           {product lp64_product} {ergonomic}
     bool UseCompressedOops                        = true                           {product lp64_product} {ergonomic}
     bool UseG1GC                                  = true                                      {product} {ergonomic}
     bool UseLargePagesIndividualAllocation        = false                                  {pd product} {ergonomic}

Logging:
Log output configuration:
 #0: stdout all=warning uptime,level,tags
 #1: stderr all=off uptime,level,tags

Environment Variables:
JAVA_HOME=C:\Program Files\Java\openjdk-11+28_windows-x64_bin\jdk-11
PATH=C:\Program Files\Java\jdk-15.0.2+7\bin;C:\Program Files (x86)\Intel\iCLS Client\;C:\Program Files\Intel\iCLS Client\;C:\Windows\System32;C:\Windows;C:\Windows\System32\wbem;C:\Windows\System32\WindowsPowerShell\v1.0\;C:\Program Files (x86)\Intel\Intel(R) Management Engine Components\DAL;C:\Program Files\Intel\Intel(R) Management Engine Components\DAL;C:\Program Files (x86)\Intel\Intel(R) Management Engine Components\IPT;C:\Program Files\Intel\Intel(R) Management Engine Components\IPT;C:\Program Files\Intel\WiFi\bin\;C:\Program Files\Common Files\Intel\WirelessCommon\;C:\Program Files\Git\cmd;C:\Program Files\Maven\apache-maven-3.6.1\bin;C:\Program Files\nodejs;C:\Windows\System32\OpenSSH\;C:\Program Files\Microsoft SQL Server\Client SDK\ODBC\110\Tools\Binn\;C:\Program Files (x86)\Microsoft SQL Server\120\Tools\Binn\;C:\Program Files\Microsoft SQL Server\120\Tools\Binn\;C:\Program Files\Microsoft SQL Server\120\DTS\Binn\;C:\Program Files (x86)\Microsoft SQL Server\120\Tools\Binn\ManagementStudio\;C:\Program Files (x86)\Microsoft SQL Server\120\DTS\Binn\;C:\Program Files\Microsoft VS Code\bin;C:\Program Files (x86)\GnuPG\bin;C:\Go\bin;C:\Program Files\PuTTY\;C:\Program Files (x86)\Microsoft SQL Server\150\DTS\Binn\;C:\Program Files (x86)\Microsoft SQL Server\140\Tools\Binn\;C:\Program Files\Microsoft SQL Server\140\Tools\Binn\;C:\Program Files (x86)\Microsoft SQL Server\140\DTS\Binn\;C:\Program Files\Microsoft SQL Server\140\DTS\Binn\;C:\Program Files\Microsoft SQL Server\Client SDK\ODBC\130\Tools\Binn\;C:\Program Files\Git\usr\bin;C:\Program Files\Microsoft SQL Server\130\Tools\Binn\;C:\Program Files\nodejs\;C:\Program Files (x86)\Microsoft SQL Server\80\Tools\Binn\;C:\Program Files\Gradle\gradle-6.8.3\bin;C:\Program Files\Microsoft SQL Server\Client SDK\ODBC\170\Tools\Binn\;C:\Program Files (x86)\Microsoft SQL Server\150\Tools\Binn\;C:\Program Files\Microsoft SQL Server\150\Tools\Binn\;C:\Program Files\Microsoft SQL Server\150\DTS\Binn\;;C:\Program Files\Docker\Do
USERNAME=Alexey Gasevic
OS=Windows_NT
PROCESSOR_IDENTIFIER=Intel64 Family 6 Model 142 Stepping 9, GenuineIntel



---------------  S Y S T E M  ---------------

OS:
 Windows 10 , 64 bit Build 19041 (10.0.19041.1348)
OS uptime: 4 days 23:42 hours
Hyper-V role detected

CPU: total 4 (initial active 4) (2 cores per cpu, 2 threads per core) family 6 model 142 stepping 9 microcode 0xb4, cx8, cmov, fxsr, ht, mmx, 3dnowpref, sse, sse2, sse3, ssse3, sse4.1, sse4.2, popcnt, lzcnt, tsc, tscinvbit, avx, avx2, aes, erms, clmul, bmi1, bmi2, adx, fma, vzeroupper, clflush, clflushopt, hv

Memory: 4k page, system-wide physical 8060M (1236M free)
TotalPageFile size 18664M (AvailPageFile size 5699M)
current process WorkingSet (physical memory assigned to process): 43M, peak: 43M
current process commit charge ("private bytes"): 204M, peak: 205M

vm_info: OpenJDK 64-Bit Server VM (16+36) for windows-amd64 JRE (16+36), built on Mar 11 2021 10:56:33 by "" with MS VC++ 16.7 (VS2019)

END.
